This is pdfTeX, Version 3.1415926-2.5-1.40.14 (TeX Live 2013) (format=pdflatex 2014.1.22)  11 MAR 2014 13:26
entering extended mode
 restricted \write18 enabled.
 %&-line parsing enabled.
**documentation.tex
(./documentation.tex
LaTeX2e <2011/06/27>
Babel <3.9f> and hyphenation patterns for 78 languages loaded.
(/usr/local/texlive/2013/texmf-dist/tex/latex/base/report.cls
Document Class: report 2007/10/19 v1.4h Standard LaTeX document class
(/usr/local/texlive/2013/texmf-dist/tex/latex/base/size12.clo
File: size12.clo 2007/10/19 v1.4h Standard LaTeX file (size option)
)
\c@part=\count79
\c@chapter=\count80
\c@section=\count81
\c@subsection=\count82
\c@subsubsection=\count83
\c@paragraph=\count84
\c@subparagraph=\count85
\c@figure=\count86
\c@table=\count87
\abovecaptionskip=\skip41
\belowcaptionskip=\skip42
\bibindent=\dimen102
)
(/usr/local/texlive/2013/texmf-dist/tex/latex/base/inputenc.sty
Package: inputenc 2008/03/30 v1.1d Input encoding file
\inpenc@prehook=\toks14
\inpenc@posthook=\toks15

(/usr/local/texlive/2013/texmf-dist/tex/latex/base/utf8.def
File: utf8.def 2008/04/05 v1.1m UTF-8 support for inputenc
Now handling font encoding OML ...
... no UTF-8 mapping file for font encoding OML
Now handling font encoding T1 ...
... processing UTF-8 mapping file for font encoding T1

(/usr/local/texlive/2013/texmf-dist/tex/latex/base/t1enc.dfu
File: t1enc.dfu 2008/04/05 v1.1m UTF-8 support for inputenc
   defining Unicode char U+00A1 (decimal 161)
   defining Unicode char U+00A3 (decimal 163)
   defining Unicode char U+00AB (decimal 171)
   defining Unicode char U+00BB (decimal 187)
   defining Unicode char U+00BF (decimal 191)
   defining Unicode char U+00C0 (decimal 192)
   defining Unicode char U+00C1 (decimal 193)
   defining Unicode char U+00C2 (decimal 194)
   defining Unicode char U+00C3 (decimal 195)
   defining Unicode char U+00C4 (decimal 196)
   defining Unicode char U+00C5 (decimal 197)
   defining Unicode char U+00C6 (decimal 198)
   defining Unicode char U+00C7 (decimal 199)
   defining Unicode char U+00C8 (decimal 200)
   defining Unicode char U+00C9 (decimal 201)
   defining Unicode char U+00CA (decimal 202)
   defining Unicode char U+00CB (decimal 203)
   defining Unicode char U+00CC (decimal 204)
   defining Unicode char U+00CD (decimal 205)
   defining Unicode char U+00CE (decimal 206)
   defining Unicode char U+00CF (decimal 207)
   defining Unicode char U+00D0 (decimal 208)
   defining Unicode char U+00D1 (decimal 209)
   defining Unicode char U+00D2 (decimal 210)
   defining Unicode char U+00D3 (decimal 211)
   defining Unicode char U+00D4 (decimal 212)
   defining Unicode char U+00D5 (decimal 213)
   defining Unicode char U+00D6 (decimal 214)
   defining Unicode char U+00D8 (decimal 216)
   defining Unicode char U+00D9 (decimal 217)
   defining Unicode char U+00DA (decimal 218)
   defining Unicode char U+00DB (decimal 219)
   defining Unicode char U+00DC (decimal 220)
   defining Unicode char U+00DD (decimal 221)
   defining Unicode char U+00DE (decimal 222)
   defining Unicode char U+00DF (decimal 223)
   defining Unicode char U+00E0 (decimal 224)
   defining Unicode char U+00E1 (decimal 225)
   defining Unicode char U+00E2 (decimal 226)
   defining Unicode char U+00E3 (decimal 227)
   defining Unicode char U+00E4 (decimal 228)
   defining Unicode char U+00E5 (decimal 229)
   defining Unicode char U+00E6 (decimal 230)
   defining Unicode char U+00E7 (decimal 231)
   defining Unicode char U+00E8 (decimal 232)
   defining Unicode char U+00E9 (decimal 233)
   defining Unicode char U+00EA (decimal 234)
   defining Unicode char U+00EB (decimal 235)
   defining Unicode char U+00EC (decimal 236)
   defining Unicode char U+00ED (decimal 237)
   defining Unicode char U+00EE (decimal 238)
   defining Unicode char U+00EF (decimal 239)
   defining Unicode char U+00F0 (decimal 240)
   defining Unicode char U+00F1 (decimal 241)
   defining Unicode char U+00F2 (decimal 242)
   defining Unicode char U+00F3 (decimal 243)
   defining Unicode char U+00F4 (decimal 244)
   defining Unicode char U+00F5 (decimal 245)
   defining Unicode char U+00F6 (decimal 246)
   defining Unicode char U+00F8 (decimal 248)
   defining Unicode char U+00F9 (decimal 249)
   defining Unicode char U+00FA (decimal 250)
   defining Unicode char U+00FB (decimal 251)
   defining Unicode char U+00FC (decimal 252)
   defining Unicode char U+00FD (decimal 253)
   defining Unicode char U+00FE (decimal 254)
   defining Unicode char U+00FF (decimal 255)
   defining Unicode char U+0102 (decimal 258)
   defining Unicode char U+0103 (decimal 259)
   defining Unicode char U+0104 (decimal 260)
   defining Unicode char U+0105 (decimal 261)
   defining Unicode char U+0106 (decimal 262)
   defining Unicode char U+0107 (decimal 263)
   defining Unicode char U+010C (decimal 268)
   defining Unicode char U+010D (decimal 269)
   defining Unicode char U+010E (decimal 270)
   defining Unicode char U+010F (decimal 271)
   defining Unicode char U+0110 (decimal 272)
   defining Unicode char U+0111 (decimal 273)
   defining Unicode char U+0118 (decimal 280)
   defining Unicode char U+0119 (decimal 281)
   defining Unicode char U+011A (decimal 282)
   defining Unicode char U+011B (decimal 283)
   defining Unicode char U+011E (decimal 286)
   defining Unicode char U+011F (decimal 287)
   defining Unicode char U+0130 (decimal 304)
   defining Unicode char U+0131 (decimal 305)
   defining Unicode char U+0132 (decimal 306)
   defining Unicode char U+0133 (decimal 307)
   defining Unicode char U+0139 (decimal 313)
   defining Unicode char U+013A (decimal 314)
   defining Unicode char U+013D (decimal 317)
   defining Unicode char U+013E (decimal 318)
   defining Unicode char U+0141 (decimal 321)
   defining Unicode char U+0142 (decimal 322)
   defining Unicode char U+0143 (decimal 323)
   defining Unicode char U+0144 (decimal 324)
   defining Unicode char U+0147 (decimal 327)
   defining Unicode char U+0148 (decimal 328)
   defining Unicode char U+014A (decimal 330)
   defining Unicode char U+014B (decimal 331)
   defining Unicode char U+0150 (decimal 336)
   defining Unicode char U+0151 (decimal 337)
   defining Unicode char U+0152 (decimal 338)
   defining Unicode char U+0153 (decimal 339)
   defining Unicode char U+0154 (decimal 340)
   defining Unicode char U+0155 (decimal 341)
   defining Unicode char U+0158 (decimal 344)
   defining Unicode char U+0159 (decimal 345)
   defining Unicode char U+015A (decimal 346)
   defining Unicode char U+015B (decimal 347)
   defining Unicode char U+015E (decimal 350)
   defining Unicode char U+015F (decimal 351)
   defining Unicode char U+0160 (decimal 352)
   defining Unicode char U+0161 (decimal 353)
   defining Unicode char U+0162 (decimal 354)
   defining Unicode char U+0163 (decimal 355)
   defining Unicode char U+0164 (decimal 356)
   defining Unicode char U+0165 (decimal 357)
   defining Unicode char U+016E (decimal 366)
   defining Unicode char U+016F (decimal 367)
   defining Unicode char U+0170 (decimal 368)
   defining Unicode char U+0171 (decimal 369)
   defining Unicode char U+0178 (decimal 376)
   defining Unicode char U+0179 (decimal 377)
   defining Unicode char U+017A (decimal 378)
   defining Unicode char U+017B (decimal 379)
   defining Unicode char U+017C (decimal 380)
   defining Unicode char U+017D (decimal 381)
   defining Unicode char U+017E (decimal 382)
   defining Unicode char U+200C (decimal 8204)
   defining Unicode char U+2013 (decimal 8211)
   defining Unicode char U+2014 (decimal 8212)
   defining Unicode char U+2018 (decimal 8216)
   defining Unicode char U+2019 (decimal 8217)
   defining Unicode char U+201A (decimal 8218)
   defining Unicode char U+201C (decimal 8220)
   defining Unicode char U+201D (decimal 8221)
   defining Unicode char U+201E (decimal 8222)
   defining Unicode char U+2030 (decimal 8240)
   defining Unicode char U+2031 (decimal 8241)
   defining Unicode char U+2039 (decimal 8249)
   defining Unicode char U+203A (decimal 8250)
   defining Unicode char U+2423 (decimal 9251)
)
Now handling font encoding OT1 ...
... processing UTF-8 mapping file for font encoding OT1

(/usr/local/texlive/2013/texmf-dist/tex/latex/base/ot1enc.dfu
File: ot1enc.dfu 2008/04/05 v1.1m UTF-8 support for inputenc
   defining Unicode char U+00A1 (decimal 161)
   defining Unicode char U+00A3 (decimal 163)
   defining Unicode char U+00B8 (decimal 184)
   defining Unicode char U+00BF (decimal 191)
   defining Unicode char U+00C5 (decimal 197)
   defining Unicode char U+00C6 (decimal 198)
   defining Unicode char U+00D8 (decimal 216)
   defining Unicode char U+00DF (decimal 223)
   defining Unicode char U+00E6 (decimal 230)
   defining Unicode char U+00EC (decimal 236)
   defining Unicode char U+00ED (decimal 237)
   defining Unicode char U+00EE (decimal 238)
   defining Unicode char U+00EF (decimal 239)
   defining Unicode char U+00F8 (decimal 248)
   defining Unicode char U+0131 (decimal 305)
   defining Unicode char U+0141 (decimal 321)
   defining Unicode char U+0142 (decimal 322)
   defining Unicode char U+0152 (decimal 338)
   defining Unicode char U+0153 (decimal 339)
   defining Unicode char U+2013 (decimal 8211)
   defining Unicode char U+2014 (decimal 8212)
   defining Unicode char U+2018 (decimal 8216)
   defining Unicode char U+2019 (decimal 8217)
   defining Unicode char U+201C (decimal 8220)
   defining Unicode char U+201D (decimal 8221)
)
Now handling font encoding OMS ...
... processing UTF-8 mapping file for font encoding OMS

(/usr/local/texlive/2013/texmf-dist/tex/latex/base/omsenc.dfu
File: omsenc.dfu 2008/04/05 v1.1m UTF-8 support for inputenc
   defining Unicode char U+00A7 (decimal 167)
   defining Unicode char U+00B6 (decimal 182)
   defining Unicode char U+00B7 (decimal 183)
   defining Unicode char U+2020 (decimal 8224)
   defining Unicode char U+2021 (decimal 8225)
   defining Unicode char U+2022 (decimal 8226)
)
Now handling font encoding OMX ...
... no UTF-8 mapping file for font encoding OMX
Now handling font encoding U ...
... no UTF-8 mapping file for font encoding U
   defining Unicode char U+00A9 (decimal 169)
   defining Unicode char U+00AA (decimal 170)
   defining Unicode char U+00AE (decimal 174)
   defining Unicode char U+00BA (decimal 186)
   defining Unicode char U+02C6 (decimal 710)
   defining Unicode char U+02DC (decimal 732)
   defining Unicode char U+200C (decimal 8204)
   defining Unicode char U+2026 (decimal 8230)
   defining Unicode char U+2122 (decimal 8482)
   defining Unicode char U+2423 (decimal 9251)
))
(/usr/local/texlive/2013/texmf-dist/tex/latex/hyperref/hyperref.sty
Package: hyperref 2012/11/06 v6.83m Hypertext links for LaTeX

(/usr/local/texlive/2013/texmf-dist/tex/generic/oberdiek/hobsub-hyperref.sty
Package: hobsub-hyperref 2012/05/28 v1.13 Bundle oberdiek, subset hyperref (HO)


(/usr/local/texlive/2013/texmf-dist/tex/generic/oberdiek/hobsub-generic.sty
Package: hobsub-generic 2012/05/28 v1.13 Bundle oberdiek, subset generic (HO)
Package: hobsub 2012/05/28 v1.13 Construct package bundles (HO)
Package: infwarerr 2010/04/08 v1.3 Providing info/warning/error messages (HO)
Package: ltxcmds 2011/11/09 v1.22 LaTeX kernel commands for general use (HO)
Package: ifluatex 2010/03/01 v1.3 Provides the ifluatex switch (HO)
Package ifluatex Info: LuaTeX not detected.
Package: ifvtex 2010/03/01 v1.5 Detect VTeX and its facilities (HO)
Package ifvtex Info: VTeX not detected.
Package: intcalc 2007/09/27 v1.1 Expandable calculations with integers (HO)
Package: ifpdf 2011/01/30 v2.3 Provides the ifpdf switch (HO)
Package ifpdf Info: pdfTeX in PDF mode is detected.
Package: etexcmds 2011/02/16 v1.5 Avoid name clashes with e-TeX commands (HO)
Package etexcmds Info: Could not find \expanded.
(etexcmds)             That can mean that you are not using pdfTeX 1.50 or
(etexcmds)             that some package has redefined \expanded.
(etexcmds)             In the latter case, load this package earlier.
Package: kvsetkeys 2012/04/25 v1.16 Key value parser (HO)
Package: kvdefinekeys 2011/04/07 v1.3 Define keys (HO)
Package: pdftexcmds 2011/11/29 v0.20 Utility functions of pdfTeX for LuaTeX (HO
)
Package pdftexcmds Info: LuaTeX not detected.
Package pdftexcmds Info: \pdf@primitive is available.
Package pdftexcmds Info: \pdf@ifprimitive is available.
Package pdftexcmds Info: \pdfdraftmode found.
Package: pdfescape 2011/11/25 v1.13 Implements pdfTeX's escape features (HO)
Package: bigintcalc 2012/04/08 v1.3 Expandable calculations on big integers (HO
)
Package: bitset 2011/01/30 v1.1 Handle bit-vector datatype (HO)
Package: uniquecounter 2011/01/30 v1.2 Provide unlimited unique counter (HO)
)
Package hobsub Info: Skipping package `hobsub' (already loaded).
Package: letltxmacro 2010/09/02 v1.4 Let assignment for LaTeX macros (HO)
Package: hopatch 2012/05/28 v1.2 Wrapper for package hooks (HO)
Package: xcolor-patch 2011/01/30 xcolor patch
Package: atveryend 2011/06/30 v1.8 Hooks at the very end of document (HO)
Package atveryend Info: \enddocument detected (standard20110627).
Package: atbegshi 2011/10/05 v1.16 At begin shipout hook (HO)
Package: refcount 2011/10/16 v3.4 Data extraction from label references (HO)
Package: hycolor 2011/01/30 v1.7 Color options for hyperref/bookmark (HO)
)
(/usr/local/texlive/2013/texmf-dist/tex/latex/graphics/keyval.sty
Package: keyval 1999/03/16 v1.13 key=value parser (DPC)
\KV@toks@=\toks16
)
(/usr/local/texlive/2013/texmf-dist/tex/generic/ifxetex/ifxetex.sty
Package: ifxetex 2010/09/12 v0.6 Provides ifxetex conditional
)
(/usr/local/texlive/2013/texmf-dist/tex/latex/oberdiek/auxhook.sty
Package: auxhook 2011/03/04 v1.3 Hooks for auxiliary files (HO)
)
(/usr/local/texlive/2013/texmf-dist/tex/latex/oberdiek/kvoptions.sty
Package: kvoptions 2011/06/30 v3.11 Key value format for package options (HO)
)
\@linkdim=\dimen103
\Hy@linkcounter=\count88
\Hy@pagecounter=\count89

(/usr/local/texlive/2013/texmf-dist/tex/latex/hyperref/pd1enc.def
File: pd1enc.def 2012/11/06 v6.83m Hyperref: PDFDocEncoding definition (HO)
Now handling font encoding PD1 ...
... no UTF-8 mapping file for font encoding PD1
)
\Hy@SavedSpaceFactor=\count90

(/usr/local/texlive/2013/texmf-dist/tex/latex/latexconfig/hyperref.cfg
File: hyperref.cfg 2002/06/06 v1.2 hyperref configuration of TeXLive
)
Package hyperref Info: Option `colorlinks' set `true' on input line 4319.
Package hyperref Info: Hyper figures OFF on input line 4443.
Package hyperref Info: Link nesting OFF on input line 4448.
Package hyperref Info: Hyper index ON on input line 4451.
Package hyperref Info: Plain pages OFF on input line 4458.
Package hyperref Info: Backreferencing OFF on input line 4463.
Package hyperref Info: Implicit mode ON; LaTeX internals redefined.
Package hyperref Info: Bookmarks ON on input line 4688.
\c@Hy@tempcnt=\count91

(/usr/local/texlive/2013/texmf-dist/tex/latex/url/url.sty
\Urlmuskip=\muskip10
Package: url 2006/04/12  ver 3.3  Verb mode for urls, etc.
)
LaTeX Info: Redefining \url on input line 5041.
\XeTeXLinkMargin=\dimen104
\Fld@menulength=\count92
\Field@Width=\dimen105
\Fld@charsize=\dimen106
Package hyperref Info: Hyper figures OFF on input line 6295.
Package hyperref Info: Link nesting OFF on input line 6300.
Package hyperref Info: Hyper index ON on input line 6303.
Package hyperref Info: backreferencing OFF on input line 6310.
Package hyperref Info: Link coloring ON on input line 6313.
Package hyperref Info: Link coloring with OCG OFF on input line 6320.
Package hyperref Info: PDF/A mode OFF on input line 6325.
LaTeX Info: Redefining \ref on input line 6365.
LaTeX Info: Redefining \pageref on input line 6369.
\Hy@abspage=\count93
\c@Item=\count94
\c@Hfootnote=\count95
)

Package hyperref Message: Driver (autodetected): hpdftex.

(/usr/local/texlive/2013/texmf-dist/tex/latex/hyperref/hpdftex.def
File: hpdftex.def 2012/11/06 v6.83m Hyperref driver for pdfTeX
\Fld@listcount=\count96
\c@bookmark@seq@number=\count97

(/usr/local/texlive/2013/texmf-dist/tex/latex/oberdiek/rerunfilecheck.sty
Package: rerunfilecheck 2011/04/15 v1.7 Rerun checks for auxiliary files (HO)
Package uniquecounter Info: New unique counter `rerunfilecheck' on input line 2
82.
)
\Hy@SectionHShift=\skip43
)
(/usr/local/texlive/2013/texmf-dist/tex/latex/algorithmicx/algorithmicx.sty
Package: algorithmicx 2005/04/27 v1.2 Algorithmicx

(/usr/local/texlive/2013/texmf-dist/tex/latex/base/ifthen.sty
Package: ifthen 2001/05/26 v1.1c Standard LaTeX ifthen package (DPC)
)
Document Style algorithmicx 1.2 - a greatly improved `algorithmic' style
\c@ALG@line=\count98
\c@ALG@rem=\count99
\c@ALG@nested=\count100
\ALG@tlm=\skip44
\ALG@thistlm=\skip45
\c@ALG@Lnr=\count101
\c@ALG@blocknr=\count102
\c@ALG@storecount=\count103
\c@ALG@tmpcounter=\count104
\ALG@tmplength=\skip46
) (/usr/local/texlive/2013/texmf-dist/tex/latex/algorithms/algorithm.sty
Package: algorithm 2009/08/24 v0.1 Document Style `algorithm' - floating enviro
nment

(/usr/local/texlive/2013/texmf-dist/tex/latex/float/float.sty
Package: float 2001/11/08 v1.3d Float enhancements (AL)
\c@float@type=\count105
\float@exts=\toks17
\float@box=\box26
\@float@everytoks=\toks18
\@floatcapt=\box27
)
\@float@every@algorithm=\toks19
\c@algorithm=\count106
)
(/usr/local/texlive/2013/texmf-dist/tex/latex/algorithmicx/algpseudocode.sty
Package: algpseudocode 

Document Style - pseudocode environments for use with the `algorithmicx' style
) (/usr/local/texlive/2013/texmf-dist/tex/latex/mh/mathtools.sty
Package: mathtools 2013/02/12 v1.13 mathematical typesetting tools

(/usr/local/texlive/2013/texmf-dist/tex/latex/tools/calc.sty
Package: calc 2007/08/22 v4.3 Infix arithmetic (KKT,FJ)
\calc@Acount=\count107
\calc@Bcount=\count108
\calc@Adimen=\dimen107
\calc@Bdimen=\dimen108
\calc@Askip=\skip47
\calc@Bskip=\skip48
LaTeX Info: Redefining \setlength on input line 76.
LaTeX Info: Redefining \addtolength on input line 77.
\calc@Ccount=\count109
\calc@Cskip=\skip49
)
(/usr/local/texlive/2013/texmf-dist/tex/latex/mh/mhsetup.sty
Package: mhsetup 2010/01/21 v1.2a programming setup (MH)
)
(/usr/local/texlive/2013/texmf-dist/tex/latex/amsmath/amsmath.sty
Package: amsmath 2013/01/14 v2.14 AMS math features
\@mathmargin=\skip50

For additional information on amsmath, use the `?' option.
(/usr/local/texlive/2013/texmf-dist/tex/latex/amsmath/amstext.sty
Package: amstext 2000/06/29 v2.01

(/usr/local/texlive/2013/texmf-dist/tex/latex/amsmath/amsgen.sty
File: amsgen.sty 1999/11/30 v2.0
\@emptytoks=\toks20
\ex@=\dimen109
))
(/usr/local/texlive/2013/texmf-dist/tex/latex/amsmath/amsbsy.sty
Package: amsbsy 1999/11/29 v1.2d
\pmbraise@=\dimen110
)
(/usr/local/texlive/2013/texmf-dist/tex/latex/amsmath/amsopn.sty
Package: amsopn 1999/12/14 v2.01 operator names
)
\inf@bad=\count110
LaTeX Info: Redefining \frac on input line 210.
\uproot@=\count111
\leftroot@=\count112
LaTeX Info: Redefining \overline on input line 306.
\classnum@=\count113
\DOTSCASE@=\count114
LaTeX Info: Redefining \ldots on input line 378.
LaTeX Info: Redefining \dots on input line 381.
LaTeX Info: Redefining \cdots on input line 466.
\Mathstrutbox@=\box28
\strutbox@=\box29
\big@size=\dimen111
LaTeX Font Info:    Redeclaring font encoding OML on input line 566.
LaTeX Font Info:    Redeclaring font encoding OMS on input line 567.
\macc@depth=\count115
\c@MaxMatrixCols=\count116
\dotsspace@=\muskip11
\c@parentequation=\count117
\dspbrk@lvl=\count118
\tag@help=\toks21
\row@=\count119
\column@=\count120
\maxfields@=\count121
\andhelp@=\toks22
\eqnshift@=\dimen112
\alignsep@=\dimen113
\tagshift@=\dimen114
\tagwidth@=\dimen115
\totwidth@=\dimen116
\lineht@=\dimen117
\@envbody=\toks23
\multlinegap=\skip51
\multlinetaggap=\skip52
\mathdisplay@stack=\toks24
LaTeX Info: Redefining \[ on input line 2665.
LaTeX Info: Redefining \] on input line 2666.
)
LaTeX Info: Thecontrolsequence`\['isalreadyrobust on input line 129.
LaTeX Info: Thecontrolsequence`\]'isalreadyrobust on input line 129.
\g_MT_multlinerow_int=\count122
\l_MT_multwidth_dim=\dimen118
\origjot=\skip53
\l_MT_shortvdotswithinadjustabove_dim=\dimen119
\l_MT_shortvdotswithinadjustbelow_dim=\dimen120
\l_MT_above_intertext_sep=\dimen121
\l_MT_below_intertext_sep=\dimen122
\l_MT_above_shortintertext_sep=\dimen123
\l_MT_below_shortintertext_sep=\dimen124
)
(/usr/local/texlive/2013/texmf-dist/tex/latex/graphics/graphicx.sty
Package: graphicx 1999/02/16 v1.0f Enhanced LaTeX Graphics (DPC,SPQR)

(/usr/local/texlive/2013/texmf-dist/tex/latex/graphics/graphics.sty
Package: graphics 2009/02/05 v1.0o Standard LaTeX Graphics (DPC,SPQR)

(/usr/local/texlive/2013/texmf-dist/tex/latex/graphics/trig.sty
Package: trig 1999/03/16 v1.09 sin cos tan (DPC)
)
(/usr/local/texlive/2013/texmf-dist/tex/latex/latexconfig/graphics.cfg
File: graphics.cfg 2010/04/23 v1.9 graphics configuration of TeX Live
)
Package graphics Info: Driver file: pdftex.def on input line 91.

(/usr/local/texlive/2013/texmf-dist/tex/latex/pdftex-def/pdftex.def
File: pdftex.def 2011/05/27 v0.06d Graphics/color for pdfTeX
\Gread@gobject=\count123
))
\Gin@req@height=\dimen125
\Gin@req@width=\dimen126
)
(/usr/local/texlive/2013/texmf-dist/tex/latex/caption/caption.sty
Package: caption 2013/05/02 v3.3-89 Customizing captions (AR)

(/usr/local/texlive/2013/texmf-dist/tex/latex/caption/caption3.sty
Package: caption3 2013/05/02 v1.6-88 caption3 kernel (AR)
Package caption3 Info: TeX engine: e-TeX on input line 57.
\captionmargin=\dimen127
\captionmargin@=\dimen128
\captionwidth=\dimen129
\caption@tempdima=\dimen130
\caption@indent=\dimen131
\caption@parindent=\dimen132
\caption@hangindent=\dimen133
)
\c@ContinuedFloat=\count124
Package caption Info: float package is loaded.
Package caption Info: hyperref package is loaded.
)
(/usr/local/texlive/2013/texmf-dist/tex/latex/caption/subcaption.sty
Package: subcaption 2013/02/03 v1.1-62 Sub-captions (AR)
\c@subfigure=\count125
\c@subtable=\count126
)
(/usr/local/texlive/2013/texmf-dist/tex/latex/listings/listings.sty
\lst@mode=\count127
\lst@gtempboxa=\box30
\lst@token=\toks25
\lst@length=\count128
\lst@currlwidth=\dimen134
\lst@column=\count129
\lst@pos=\count130
\lst@lostspace=\dimen135
\lst@width=\dimen136
\lst@newlines=\count131
\lst@lineno=\count132
\lst@maxwidth=\dimen137

(/usr/local/texlive/2013/texmf-dist/tex/latex/listings/lstmisc.sty
File: lstmisc.sty 2007/02/22 1.4 (Carsten Heinz)
\c@lstnumber=\count133
\lst@skipnumbers=\count134
\lst@framebox=\box31
)
(/usr/local/texlive/2013/texmf-dist/tex/latex/listings/listings.cfg
File: listings.cfg 2007/02/22 1.4 listings configuration
))
Package: listings 2007/02/22 1.4 (Carsten Heinz)

(/usr/local/texlive/2013/texmf-dist/tex/latex/spverbatim/spverbatim.sty
Package: spverbatim 2009/08/10 v1.0 Verbatim with breakable spaces
)
(/usr/local/texlive/2013/texmf-dist/tex/latex/geometry/geometry.sty
Package: geometry 2010/09/12 v5.6 Page Geometry
\Gm@cnth=\count135
\Gm@cntv=\count136
\c@Gm@tempcnt=\count137
\Gm@bindingoffset=\dimen138
\Gm@wd@mp=\dimen139
\Gm@odd@mp=\dimen140
\Gm@even@mp=\dimen141
\Gm@layoutwidth=\dimen142
\Gm@layoutheight=\dimen143
\Gm@layouthoffset=\dimen144
\Gm@layoutvoffset=\dimen145
\Gm@dimlist=\toks26
)
(/usr/local/texlive/2013/texmf-dist/tex/latex/oberdiek/pdflscape.sty
Package: pdflscape 2008/08/11 v0.10 Display of landscape pages in PDF (HO)

(/usr/local/texlive/2013/texmf-dist/tex/latex/graphics/lscape.sty
Package: lscape 2000/10/22 v3.01 Landscape Pages (DPC)
)
Package pdflscape Info: Auto-detected driver: pdftex on input line 80.
)
(./documentation.aux)
\openout1 = `documentation.aux'.

LaTeX Font Info:    Checking defaults for OML/cmm/m/it on input line 22.
LaTeX Font Info:    ... okay on input line 22.
LaTeX Font Info:    Checking defaults for T1/cmr/m/n on input line 22.
LaTeX Font Info:    ... okay on input line 22.
LaTeX Font Info:    Checking defaults for OT1/cmr/m/n on input line 22.
LaTeX Font Info:    ... okay on input line 22.
LaTeX Font Info:    Checking defaults for OMS/cmsy/m/n on input line 22.
LaTeX Font Info:    ... okay on input line 22.
LaTeX Font Info:    Checking defaults for OMX/cmex/m/n on input line 22.
LaTeX Font Info:    ... okay on input line 22.
LaTeX Font Info:    Checking defaults for U/cmr/m/n on input line 22.
LaTeX Font Info:    ... okay on input line 22.
LaTeX Font Info:    Checking defaults for PD1/pdf/m/n on input line 22.
LaTeX Font Info:    ... okay on input line 22.
\AtBeginShipoutBox=\box32

(/usr/local/texlive/2013/texmf-dist/tex/latex/graphics/color.sty
Package: color 2005/11/14 v1.0j Standard LaTeX Color (DPC)

(/usr/local/texlive/2013/texmf-dist/tex/latex/latexconfig/color.cfg
File: color.cfg 2007/01/18 v1.5 color configuration of teTeX/TeXLive
)
Package color Info: Driver file: pdftex.def on input line 130.
)
Package hyperref Info: Link coloring ON on input line 22.

(/usr/local/texlive/2013/texmf-dist/tex/latex/hyperref/nameref.sty
Package: nameref 2012/10/27 v2.43 Cross-referencing by name of section

(/usr/local/texlive/2013/texmf-dist/tex/generic/oberdiek/gettitlestring.sty
Package: gettitlestring 2010/12/03 v1.4 Cleanup title references (HO)
)
\c@section@level=\count138
)
LaTeX Info: Redefining \ref on input line 22.
LaTeX Info: Redefining \pageref on input line 22.
LaTeX Info: Redefining \nameref on input line 22.

(./documentation.out) (./documentation.out)
\@outlinefile=\write3
\openout3 = `documentation.out'.


(/usr/local/texlive/2013/texmf-dist/tex/context/base/supp-pdf.mkii
[Loading MPS to PDF converter (version 2006.09.02).]
\scratchcounter=\count139
\scratchdimen=\dimen146
\scratchbox=\box33
\nofMPsegments=\count140
\nofMParguments=\count141
\everyMPshowfont=\toks27
\MPscratchCnt=\count142
\MPscratchDim=\dimen147
\MPnumerator=\count143
\makeMPintoPDFobject=\count144
\everyMPtoPDFconversion=\toks28
) (/usr/local/texlive/2013/texmf-dist/tex/latex/oberdiek/epstopdf-base.sty
Package: epstopdf-base 2010/02/09 v2.5 Base part for package epstopdf

(/usr/local/texlive/2013/texmf-dist/tex/latex/oberdiek/grfext.sty
Package: grfext 2010/08/19 v1.1 Manage graphics extensions (HO)
)
Package grfext Info: Graphics extension search list:
(grfext)             [.png,.pdf,.jpg,.mps,.jpeg,.jbig2,.jb2,.PNG,.PDF,.JPG,.JPE
G,.JBIG2,.JB2,.eps]
(grfext)             \AppendGraphicsExtensions on input line 452.

(/usr/local/texlive/2013/texmf-dist/tex/latex/latexconfig/epstopdf-sys.cfg
File: epstopdf-sys.cfg 2010/07/13 v1.3 Configuration of (r)epstopdf for TeX Liv
e
))
Package caption Info: Begin \AtBeginDocument code.
Package caption Info: listings package is loaded.
Package caption Info: End \AtBeginDocument code.
\c@lstlisting=\count145

*geometry* driver: auto-detecting
*geometry* detected driver: pdftex
*geometry* verbose mode - [ preamble ] result:
* driver: pdftex
* paper: a4paper
* layout: <same size as paper>
* layoutoffset:(h,v)=(0.0pt,0.0pt)
* modes: 
* h-part:(L,W,R)=(89.62709pt, 418.25368pt, 89.6271pt)
* v-part:(T,H,B)=(101.40665pt, 591.5302pt, 152.11pt)
* \paperwidth=597.50787pt
* \paperheight=845.04684pt
* \textwidth=418.25368pt
* \textheight=591.5302pt
* \oddsidemargin=17.3571pt
* \evensidemargin=17.3571pt
* \topmargin=-7.86334pt
* \headheight=12.0pt
* \headsep=25.0pt
* \topskip=12.0pt
* \footskip=30.0pt
* \marginparwidth=35.0pt
* \marginparsep=10.0pt
* \columnsep=10.0pt
* \skip\footins=10.8pt plus 4.0pt minus 2.0pt
* \hoffset=0.0pt
* \voffset=0.0pt
* \mag=1000
* \@twocolumnfalse
* \@twosidefalse
* \@mparswitchfalse
* \@reversemarginfalse
* (1in=72.27pt=25.4mm, 1cm=28.453pt)

[1

{/usr/local/texlive/2013/texmf-var/fonts/map/pdftex/updmap/pdftex.map}]
(./documentation.toc)
\tf@toc=\write4
\openout4 = `documentation.toc'.

pdfTeX warning (ext4): destination with the same identifier (name{page.1}) has 
been already used, duplicate ignored
<to be read again> 
                   \relax 
l.27 \begin{abstract}
                      [1

]
Underfull \hbox (badness 10000) in paragraph at lines 29--32

 []


Underfull \hbox (badness 10000) in paragraph at lines 33--34

 []

pdfTeX warning (ext4): destination with the same identifier (name{page.1}) has 
been already used, duplicate ignored
<to be read again> 
                   \relax 
l.41 \end{abstract}
                    [1]
LaTeX Font Info:    Try loading font information for OMS+cmr on input line 46.

(/usr/local/texlive/2013/texmf-dist/tex/latex/base/omscmr.fd
File: omscmr.fd 1999/05/25 v2.5h Standard LaTeX font definitions
)
LaTeX Font Info:    Font shape `OMS/cmr/m/n' in size <12> not available
(Font)              Font shape `OMS/cmsy/m/n' tried instead on input line 46.
pdfTeX warning (ext4): destination with the same identifier (name{page.1}) has 
been already used, duplicate ignored
<to be read again> 
                   \relax 
l.70 
      [1] <annnetwork.png, id=150, 1003.75pt x 896.34875pt>
File: annnetwork.png Graphic file (type png)

<use annnetwork.png>
Package pdftex.def Info: annnetwork.png used on input line 98.
(pdftex.def)             Requested size: 418.25368pt x 373.50964pt.


LaTeX Warning: `!h' float specifier changed to `!ht'.

[2] [3 <./annnetwork.png>]
Package hyperref Info: bookmark level for unknown algorithm defaults to 0 on in
put line 129.

Underfull \hbox (badness 10000) in paragraph at lines 161--162

 []


LaTeX Warning: `!h' float specifier changed to `!ht'.

[4] [5]

LaTeX Warning: Command \textunderscore invalid in math mode on input line 199.


LaTeX Warning: Command \textunderscore invalid in math mode on input line 201.


Underfull \hbox (badness 10000) in paragraph at lines 194--202

 []


Underfull \hbox (badness 10000) in paragraph at lines 194--202

 []


Underfull \hbox (badness 10000) in paragraph at lines 194--202

 []


Underfull \hbox (badness 10000) in paragraph at lines 194--202

 []


Underfull \hbox (badness 10000) in paragraph at lines 194--202

 []

[6

] <M.png, id=192, 6.77531pt x 6.77531pt>
File: M.png Graphic file (type png)
 <use M.png>
Package pdftex.def Info: M.png used on input line 244.
(pdftex.def)             Requested size: 125.47737pt x 125.51146pt.

<N.png, id=193, 6.77531pt x 6.77531pt>
File: N.png Graphic file (type png)
 <use N.png>
Package pdftex.def Info: N.png used on input line 250.
(pdftex.def)             Requested size: 125.47737pt x 125.51146pt.

<C.png, id=194, 6.77531pt x 6.77531pt>
File: C.png Graphic file (type png)
 <use C.png>
Package pdftex.def Info: C.png used on input line 257.
(pdftex.def)             Requested size: 125.47737pt x 125.51146pt.

<G.png, id=195, 6.77531pt x 6.77531pt>
File: G.png Graphic file (type png)
 <use G.png>
Package pdftex.def Info: G.png used on input line 263.
(pdftex.def)             Requested size: 125.47737pt x 125.51146pt.
File: M.png Graphic file (type png)
 <use M.png>
Package pdftex.def Info: M.png used on input line 287.
(pdftex.def)             Requested size: 125.47737pt x 125.51146pt.
File: N.png Graphic file (type png)
 <use N.png>
Package pdftex.def Info: N.png used on input line 293.
(pdftex.def)             Requested size: 125.47737pt x 125.51146pt.

[7] [8 <./M.png> <./N.png> <./C.png> <./G.png>] [9]
Underfull \hbox (badness 10000) in paragraph at lines 301--307

 []

<A.png, id=220, 6.77531pt x 6.77531pt>
File: A.png Graphic file (type png)
 <use A.png>
Package pdftex.def Info: A.png used on input line 310.
(pdftex.def)             Requested size: 209.12683pt x 209.42528pt.
 [10

 <./A.png>]
File: A.png Graphic file (type png)
 <use A.png>
Package pdftex.def Info: A.png used on input line 323.
(pdftex.def)             Requested size: 125.47737pt x 125.51146pt.

<A1.png, id=228, 6.77531pt x 6.77531pt>
File: A1.png Graphic file (type png)
 <use A1.png>
Package pdftex.def Info: A1.png used on input line 329.
(pdftex.def)             Requested size: 125.47737pt x 125.51146pt.

<W.png, id=229, 6.77531pt x 6.77531pt>
File: W.png Graphic file (type png)
 <use W.png>
Package pdftex.def Info: W.png used on input line 336.
(pdftex.def)             Requested size: 125.47737pt x 125.51146pt.

<W1.png, id=230, 6.77531pt x 6.77531pt>
File: W1.png Graphic file (type png)
 <use W1.png>
Package pdftex.def Info: W1.png used on input line 342.
(pdftex.def)             Requested size: 125.47737pt x 125.51146pt.


LaTeX Warning: Float too large for page by 0.23134pt on input line 347.

[11 <./A1.png> <./W.png> <./W1.png>]
LaTeX Font Info:    Try loading font information for OML+cmr on input line 362.


(/usr/local/texlive/2013/texmf-dist/tex/latex/base/omlcmr.fd
File: omlcmr.fd 1999/05/25 v2.5h Standard LaTeX font definitions
)
LaTeX Font Info:    Font shape `OML/cmr/m/n' in size <12> not available
(Font)              Font shape `OML/cmm/m/it' tried instead on input line 362.

Underfull \hbox (badness 10000) in paragraph at lines 365--373

 []


Underfull \hbox (badness 10000) in paragraph at lines 365--373

 []

[12


]
Overfull \hbox (44.87155pt too wide) in paragraph at lines 447--447
[]    \OT1/cmtt/m/n/12 hidden<-lapply(hidden,setInputSignals,inputSignals=train
ingInputs[[i]])[] 
 []

[13]
Overfull \hbox (3.07951pt too wide) in paragraph at lines 448--452
\OT1/cmr/m/n/12 Note: []\OT1/cmtt/m/n/12 hidden, inputSignals, error, setInputS
ignals, calculateNetInput
 []


Overfull \hbox (526.52179pt too wide) in paragraph at lines 497--497
[]\OT1/cmtt/m/n/12 # in delta learning rule the learning continues until the er
ror between the output and target is below a tolerance level deffined at the to
p of this file[] 
 []


Overfull \hbox (199.24663pt too wide) in paragraph at lines 497--497
[]\OT1/cmtt/m/n/12 #the errorindex is just an index value for the deltaerror ve
ctor which is used for plotting later on[] 
 []

[14]
Overfull \hbox (44.87155pt too wide) in paragraph at lines 497--497
[]    \OT1/cmtt/m/n/12 hidden<-lapply(hidden,setInputSignals,inputSignals=train
ingInputs[[i]])[] 
 []


Package hyperref Warning: The anchor of a bookmark and its parent's must not
(hyperref)                be the same. Added a new anchor on input line 506.

[15]
Underfull \hbox (badness 10000) in paragraph at lines 520--529

 []


Underfull \hbox (badness 10000) in paragraph at lines 520--529

 []


Underfull \hbox (badness 10000) in paragraph at lines 530--535

 []


Underfull \hbox (badness 10000) in paragraph at lines 530--535

 []

[16]
Overfull \hbox (26.34654pt too wide) in paragraph at lines 555--555
[]        \OT1/cmtt/m/n/12 learnFuncParams = 0.1, maxit = 3000, inputsTest = ml
$inputsTest,[] 
 []

<maingui.png, id=268, 303.98103pt x 227.98578pt>
File: maingui.png Graphic file (type png)
 <use maingui.png>
Package pdftex.def Info: maingui.png used on input line 571.
(pdftex.def)             Requested size: 418.25368pt x 313.69882pt.

<choosefile.png, id=269, 540.90742pt x 424.67938pt>
File: choosefile.png Graphic file (type png)
 <use choosefile.png>
Package pdftex.def Info: choosefile.png used on input line 574.
(pdftex.def)             Requested size: 418.25368pt x 328.39735pt.


LaTeX Warning: Float too large for page by 100.56595pt on input line 576.

[17] [18 <./maingui.png> <./choosefile.png>]
*geometry* verbose mode - [ newgeometry ] result:
* driver: pdftex
* paper: a4paper
* layout: <same size as paper>
* layoutoffset:(h,v)=(0.0pt,0.0pt)
* modes: 
* h-part:(L,W,R)=(28.45274pt, 540.60239pt, 28.45274pt)
* v-part:(T,H,B)=(28.45274pt, 788.14136pt, 28.45274pt)
* \paperwidth=597.50787pt
* \paperheight=845.04684pt
* \textwidth=540.60239pt
* \textheight=788.14136pt
* \oddsidemargin=-43.81725pt
* \evensidemargin=-43.81725pt
* \topmargin=-80.81725pt
* \headheight=12.0pt
* \headsep=25.0pt
* \topskip=12.0pt
* \footskip=30.0pt
* \marginparwidth=35.0pt
* \marginparsep=10.0pt
* \columnsep=10.0pt
* \skip\footins=10.8pt plus 4.0pt minus 2.0pt
* \hoffset=0.0pt
* \voffset=0.0pt
* \mag=1000
* \@twocolumnfalse
* \@twosidefalse
* \@mparswitchfalse
* \@reversemarginfalse
* (1in=72.27pt=25.4mm, 1cm=28.453pt)


<classificationoutput.png, id=279, 919.39362pt x 275.66907pt>
File: classificationoutput.png Graphic file (type png)

<use classificationoutput.png>
Package pdftex.def Info: classificationoutput.png used on input line 581.
(pdftex.def)             Requested size: 788.14136pt x 236.31784pt.

<associationoutput.png, id=280, 915.66835pt x 225.75063pt>
File: associationoutput.png Graphic file (type png)

<use associationoutput.png>
Package pdftex.def Info: associationoutput.png used on input line 584.
(pdftex.def)             Requested size: 788.14136pt x 194.31743pt.
 [19 <./classificationoutput.png> <./associationoutput.png>]
Overfull \hbox (569.74681pt too wide) in paragraph at lines 649--649
[] \OT1/cmtt/m/n/12 neuron <- setClass("neuron",representation(weights="numeric
",inputSignals="numeric",netInput="numeric",threshold="numeric",netOutput="nume
ric",bias="numeric"))[] 
 []


Overfull \hbox (57.22156pt too wide) in paragraph at lines 649--649
[]  \OT1/cmtt/m/n/12 neuron@netInput <- sum(neuron@weights * neuron@inputSignal
s) + neuron@bias;[] 
 []

[20




]
Overfull \hbox (1.64653pt too wide) in paragraph at lines 649--649
[]    \OT1/cmtt/m/n/12 neuron@weights <- neuron@weights + target * neuron@input
Signals;[] 
 []

[21]
Overfull \hbox (1.64653pt too wide) in paragraph at lines 702--702
[] \OT1/cmtt/m/n/12 #a main required file that scans the test input given by th
e user..[] 
 []


Overfull \hbox (328.92169pt too wide) in paragraph at lines 702--702
[]\OT1/cmtt/m/n/12 ##using the pixmap package and the read.pnm we read the file
 and extract its inputs from the grey components of the image[] 
 []


Overfull \hbox (112.79659pt too wide) in paragraph at lines 702--702
[]  \OT1/cmtt/m/n/12 msg<-"Sorry Invalid File Input. Please restart the program
 and choose another file!"[] 
 []


Overfull \hbox (20.17154pt too wide) in paragraph at lines 702--702
[]  \OT1/cmtt/m/n/12 gmessage(msg,title="Invalid File", handler=function(h,...)
{return()})[] 
 []


Overfull \hbox (785.87192pt too wide) in paragraph at lines 702--702
[]  \OT1/cmtt/m/n/12 inputPredict<-as.vector(t(grey)) #to get the matrix into a
 one dimensional vector...t() is for transpose.. transpose is necessary..otherw
ise the one dimensional vector does not come as expected[] 
 []


Overfull \hbox (674.72186pt too wide) in paragraph at lines 702--702
[]  \OT1/cmtt/m/n/12 ##the above vector inputPredict is the main converted vect
or that contains the properly converted input from black and white pixels into 
a bi-polar input vector for processing[] 
 []


Overfull \hbox (458.59676pt too wide) in paragraph at lines 802--802
[] \OT1/cmtt/m/n/12 ##this is one of the most required files..this file scans a
ll the inputs and stores a lot of global variables that are used by many script
s..[] 
 []


Overfull \hbox (372.14671pt too wide) in paragraph at lines 802--802
[]\OT1/cmtt/m/n/12 ## the input is got from pre drawn image .pgm files that I h
ave drawn...they are considered to be targets and input for training[] 
 []


Overfull \hbox (205.42163pt too wide) in paragraph at lines 802--802
[]\OT1/cmtt/m/n/12 ##first inputs are got....then targets(for classification),.
...then targets (for pattern association)[] 
 []

[22]
Overfull \hbox (125.14659pt too wide) in paragraph at lines 802--802
[]    \OT1/cmtt/m/n/12 msg<-"Sorry Invalid File Input. Please restart the progr
am and choose another file!"[] 
 []


Overfull \hbox (32.52155pt too wide) in paragraph at lines 802--802
[]    \OT1/cmtt/m/n/12 gmessage(msg,title="Invalid File", handler=function(h,..
.){return()})[] 
 []


Overfull \hbox (754.9969pt too wide) in paragraph at lines 802--802
[]    \OT1/cmtt/m/n/12 input<-as.vector(t(grey)) #to get the matrix into a one 
dimensional vector...t() is for transpose.. transpose is necessary..otherwise t
he one dimensional vector does not come as expected[] 
 []


Overfull \hbox (699.42188pt too wide) in paragraph at lines 802--802
[]    \OT1/cmtt/m/n/12 ##the values in input which contain 1 are converted to -
1 because in the .pgm 1 is stored as the value for which the pixel is off and 0
 is the value for which the pixel is on...[] 
 []

[23]
Overfull \hbox (125.14659pt too wide) in paragraph at lines 802--802
[]    \OT1/cmtt/m/n/12 msg<-"Sorry Invalid File Input. Please restart the progr
am and choose another file!"[] 
 []


Overfull \hbox (32.52155pt too wide) in paragraph at lines 802--802
[]    \OT1/cmtt/m/n/12 gmessage(msg,title="Invalid File", handler=function(h,..
.){return()})[] 
 []


Overfull \hbox (754.9969pt too wide) in paragraph at lines 802--802
[]    \OT1/cmtt/m/n/12 input<-as.vector(t(grey)) #to get the matrix into a one 
dimensional vector...t() is for transpose.. transpose is necessary..otherwise t
he one dimensional vector does not come as expected[] 
 []


Overfull \hbox (94.27158pt too wide) in paragraph at lines 802--802
[]\OT1/cmtt/m/n/12 setwd("/home/jaishankar/Documents/R_prog/Project/HebbTrainin
gnetwork/HebbTargets/")[] 
 []


Overfull \hbox (125.14659pt too wide) in paragraph at lines 802--802
[]    \OT1/cmtt/m/n/12 msg<-"Sorry Invalid File Input. Please restart the progr
am and choose another file!"[] 
 []


Overfull \hbox (32.52155pt too wide) in paragraph at lines 802--802
[]    \OT1/cmtt/m/n/12 gmessage(msg,title="Invalid File", handler=function(h,..
.){return()})[] 
 []


Overfull \hbox (754.9969pt too wide) in paragraph at lines 802--802
[]    \OT1/cmtt/m/n/12 input<-as.vector(t(grey)) #to get the matrix into a one 
dimensional vector...t() is for transpose.. transpose is necessary..otherwise t
he one dimensional vector does not come as expected[] 
 []

[24]
Overfull \hbox (575.92181pt too wide) in paragraph at lines 802--802
[]\OT1/cmtt/m/n/12 ##doing this restoring of the directory is very crucial to t
he working of the rest of the script..because the source command used in other 
scripts depend on this[] 
 []


Overfull \hbox (328.92169pt too wide) in paragraph at lines 984--984
[] \OT1/cmtt/m/n/12 ##main gui and source file that essentially calls all the o
ther files...contains some of the important global defintions[] 
 []


Overfull \hbox (705.59688pt too wide) in paragraph at lines 984--984
[]\OT1/cmtt/m/n/12 trainSelect <- gradio(c("Delta Rule","My Perceptron Rule Imp
lementation","Multi-Layer Perceptron","Hebb Rule Pattern Association","MLP Patt
ern Association"), container=trainingGroup)[] 
 []


Overfull \hbox (316.57169pt too wide) in paragraph at lines 984--984
[]\OT1/cmtt/m/n/12 targetChars<-c("A","B","C","D","E","F","G","H","I","J","K","
L","M","N","O","P","Q","R","S","T","U","V","W","X","Y","Z")[] 
 []


Overfull \hbox (452.42175pt too wide) in paragraph at lines 984--984
[]\OT1/cmtt/m/n/12 ##depending the choice sources the correct file and performs
 the learning only once by setting and checking a boolean variable XXXXtrained.
..[] 
 []


Overfull \hbox (335.0967pt too wide) in paragraph at lines 984--984
[]\OT1/cmtt/m/n/12 ##finally the output display will depend on the predictedout
put which is defined and set in all the corresponding files...[] 
 []

[25]
Overfull \hbox (156.0216pt too wide) in paragraph at lines 984--984
[]    \OT1/cmtt/m/n/12 gmessage(msg,title="Invalid Choice", handler=function(h,
...){return()},parent=mainWindow)[] 
 []

[26] [27]
Overfull \hbox (767.34691pt too wide) in paragraph at lines 984--984
[]    \OT1/cmtt/m/n/12 ##the sleep below is so that the ggraphics loads complet
ely and fully before the plot command is called..else the plot command throws a
n error because there is no space to plot anything...[] 
 []


Overfull \hbox (131.3216pt too wide) in paragraph at lines 984--984
[]    \OT1/cmtt/m/n/12 ##this is called so that the plotting happens on the gui
 instead of some other output[] 
 []


Overfull \hbox (32.52155pt too wide) in paragraph at lines 984--984
[]    \OT1/cmtt/m/n/12 ggraphics(width=250,height=150,ps=3, container=gwindow("
Your Input"))[] 
 []

[28]
Overfull \hbox (32.52155pt too wide) in paragraph at lines 984--984
[]    \OT1/cmtt/m/n/12 ggraphics(width=250,height=150,ps=3, container=gwindow("
Your Input"))[] 
 []


Overfull \hbox (156.0216pt too wide) in paragraph at lines 984--984
[]    \OT1/cmtt/m/n/12 gmessage(msg,title="Invalid Choice", handler=function(h,
...){return()},parent=mainWindow)[] 
 []


Overfull \hbox (26.34654pt too wide) in paragraph at lines 984--984
[]  \OT1/cmtt/m/n/12 font(label)<- list(family="times",size=200,weight="bold",s
tyle="bold")[] 
 []


Overfull \hbox (1.64653pt too wide) in paragraph at lines 984--984
[]\OT1/cmtt/m/n/12 startButton<-gbutton("Start",container=mainGroup,handler=sta
rtDemo);[] 
 []


Overfull \hbox (816.74693pt too wide) in paragraph at lines 1017--1017
[]\OT1/cmtt/m/n/12 #the training inputs and targets need to be in matrix form..
whereas the inputs and targets scanned from the file are put into a list so we 
need to convert them...because the mlp expects it that way...[] 
 []

[29]
Overfull \hbox (1.64653pt too wide) in paragraph at lines 1017--1017
[]\OT1/cmtt/m/n/12 mlpTrainingTargets<-matrix(nrow=noTrainingInputs,ncol=noOutp
utUnits)[] 
 []


Overfull \hbox (254.82166pt too wide) in paragraph at lines 1017--1017
[]\OT1/cmtt/m/n/12 #the matrix is modeled in such a way that the columns presen
t the different inputs to a single training input[] 
 []


Overfull \hbox (88.09657pt too wide) in paragraph at lines 1017--1017
[]\OT1/cmtt/m/n/12 #where as the rows indicate the different training inputs pr
esented for training..[] 
 []


Overfull \hbox (75.74657pt too wide) in paragraph at lines 1017--1017
[]\OT1/cmtt/m/n/12 ml<-splitForTrainingAndTest(mlpTrainingInputs, mlpTrainingTa
rgets, ratio = 0.15)[] 
 []


Overfull \hbox (26.34654pt too wide) in paragraph at lines 1017--1017
[]\OT1/cmtt/m/n/12 # model<-mlp(mlpTrainingInputs,mlpTrainingTargets,size=c(noO
utputUnits),[] 
 []


Overfull \hbox (44.87155pt too wide) in paragraph at lines 1017--1017
[]\OT1/cmtt/m/n/12 #            hiddenActFunc = "Act_Logistic", learnFuncParams
 = c(0.4, 0.0),[] 
 []


Overfull \hbox (384.49672pt too wide) in paragraph at lines 1017--1017
[]\OT1/cmtt/m/n/12 ##main class/function that trains the mlp(multi layer percep
tron) and returns the trained model... which is used in the prediction[] 
 []


Overfull \hbox (44.87155pt too wide) in paragraph at lines 1017--1017
[]           \OT1/cmtt/m/n/12 learnFuncParams = 0.1, maxit = 3000, inputsTest =
 ml$inputsTest,[] 
 []

[30]
Underfull \hbox (badness 10000) in paragraph at lines 1026--1027
[]\OT1/cmr/m/n/12 Wikipedia, [][]$\OT1/cmtt/m/n/12 http : / / en . wikipedia . 
org / wiki / Optical _ character _
 []


Underfull \hbox (badness 10000) in paragraph at lines 1027--1028
[]\OT1/cmr/m/n/12 Figure 1 [][]$\OT1/cmtt/m/n/12 http : / / gigaom2 . files . w
ordpress . com / 2013 / 08 /
 []

Package atveryend Info: Empty hook `BeforeClearDocument' on input line 1036.
[31

]
Package atveryend Info: Empty hook `AfterLastShipout' on input line 1036.
 (./documentation.aux)
Package atveryend Info: Executing hook `AtVeryEndDocument' on input line 1036.
Package atveryend Info: Executing hook `AtEndAfterFileList' on input line 1036.

Package rerunfilecheck Info: File `documentation.out' has not changed.
(rerunfilecheck)             Checksum: 04B760D38A8741473B0CB0936EDA0135;1556.
Package atveryend Info: Empty hook `AtVeryVeryEnd' on input line 1036.
 ) 
Here is how much of TeX's memory you used:
 10399 strings out of 493315
 153260 string characters out of 6137910
 255951 words of memory out of 5000000
 13632 multiletter control sequences out of 15000+600000
 11235 words of font info for 41 fonts, out of 8000000 for 9000
 957 hyphenation exceptions out of 8191
 36i,14n,40p,362b,1259s stack positions out of 5000i,500n,10000p,200000b,80000s
</usr/local/texlive/2013/texmf-dist/fonts/type1/public/amsfonts/cm/cmbx12.pfb
></usr/local/texlive/2013/texmf-dist/fonts/type1/public/amsfonts/cm/cmex10.pfb>
</usr/local/texlive/2013/texmf-dist/fonts/type1/public/amsfonts/cm/cmmi12.pfb><
/usr/local/texlive/2013/texmf-dist/fonts/type1/public/amsfonts/cm/cmmi8.pfb></u
sr/local/texlive/2013/texmf-dist/fonts/type1/public/amsfonts/cm/cmr10.pfb></usr
/local/texlive/2013/texmf-dist/fonts/type1/public/amsfonts/cm/cmr12.pfb></usr/l
ocal/texlive/2013/texmf-dist/fonts/type1/public/amsfonts/cm/cmr17.pfb></usr/loc
al/texlive/2013/texmf-dist/fonts/type1/public/amsfonts/cm/cmr7.pfb></usr/local/
texlive/2013/texmf-dist/fonts/type1/public/amsfonts/cm/cmr8.pfb></usr/local/tex
live/2013/texmf-dist/fonts/type1/public/amsfonts/cm/cmsy10.pfb></usr/local/texl
ive/2013/texmf-dist/fonts/type1/public/amsfonts/cm/cmtt12.pfb>
Output written on documentation.pdf (34 pages, 456628 bytes).
PDF statistics:
 409 PDF objects out of 1000 (max. 8388607)
 335 compressed objects within 4 object streams
 89 named destinations out of 1000 (max. 500000)
 266 words of extra memory for PDF output out of 10000 (max. 10000000)

